<?xml version="1.0" encoding="UTF-8"?>
<robot generator="Robot 4.1.1 (Python 3.8.2 on win32)" generated="20210917 00:37:20.817" rpa="false" schemaversion="2">
<suite id="s1" name="SwitchMultipleBrowsers" source="C:\Users\Dilip KV\PycharmProjects\TestProject\TestCases\SwitchMultipleBrowsers.robot">
<test id="s1-t1" name="Alerts Testing">
<kw name="Open Browser" library="SeleniumLibrary">
<arg>https://www.google.com</arg>
<arg>chrome</arg>
<doc>Opens a new browser instance to the optional ``url``.</doc>
<msg timestamp="20210917 00:37:21.489" level="INFO">Opening browser 'chrome' to base url 'https://www.google.com'.</msg>
<status status="PASS" starttime="20210917 00:37:21.489" endtime="20210917 00:37:30.275"/>
</kw>
<kw name="Maximize Browser Window" library="SeleniumLibrary">
<doc>Maximizes current browser window.</doc>
<status status="PASS" starttime="20210917 00:37:30.275" endtime="20210917 00:37:30.403"/>
</kw>
<kw name="Open Browser" library="SeleniumLibrary">
<arg>https://www.facebook.com</arg>
<arg>chrome</arg>
<doc>Opens a new browser instance to the optional ``url``.</doc>
<msg timestamp="20210917 00:37:30.411" level="INFO">Opening browser 'chrome' to base url 'https://www.facebook.com'.</msg>
<status status="PASS" starttime="20210917 00:37:30.411" endtime="20210917 00:37:45.304"/>
</kw>
<kw name="Maximize Browser Window" library="SeleniumLibrary">
<doc>Maximizes current browser window.</doc>
<status status="PASS" starttime="20210917 00:37:45.304" endtime="20210917 00:37:45.524"/>
</kw>
<kw name="Sleep" library="BuiltIn">
<arg>3</arg>
<doc>Pauses the test executed for the given time.</doc>
<msg timestamp="20210917 00:37:48.612" level="INFO">Slept 3 seconds</msg>
<status status="PASS" starttime="20210917 00:37:45.532" endtime="20210917 00:37:48.612"/>
</kw>
<kw name="Switch Browser" library="SeleniumLibrary">
<arg>1</arg>
<doc>Switches between active browsers using ``index_or_alias``.</doc>
<status status="PASS" starttime="20210917 00:37:48.612" endtime="20210917 00:37:48.612"/>
</kw>
<kw name="Get Title" library="SeleniumLibrary">
<var>${title}</var>
<doc>Returns the title of the current page.</doc>
<msg timestamp="20210917 00:37:48.643" level="INFO">${title} = Google</msg>
<status status="PASS" starttime="20210917 00:37:48.612" endtime="20210917 00:37:48.643"/>
</kw>
<kw name="Log To Console" library="BuiltIn">
<arg>${title}</arg>
<doc>Logs the given message to the console.</doc>
<status status="PASS" starttime="20210917 00:37:48.643" endtime="20210917 00:37:48.643"/>
</kw>
<kw name="Switch Browser" library="SeleniumLibrary">
<arg>2</arg>
<doc>Switches between active browsers using ``index_or_alias``.</doc>
<status status="PASS" starttime="20210917 00:37:48.643" endtime="20210917 00:37:48.643"/>
</kw>
<kw name="Get Title" library="SeleniumLibrary">
<var>${title}</var>
<doc>Returns the title of the current page.</doc>
<msg timestamp="20210917 00:37:48.815" level="INFO">${title} = Facebook - உள்நுழையவும் அல்லது பதிவுசெய்யவும்</msg>
<status status="PASS" starttime="20210917 00:37:48.643" endtime="20210917 00:37:48.815"/>
</kw>
<kw name="Log To Console" library="BuiltIn">
<arg>${title}</arg>
<doc>Logs the given message to the console.</doc>
<status status="PASS" starttime="20210917 00:37:48.815" endtime="20210917 00:37:48.862"/>
</kw>
<kw name="Close All Browsers" library="SeleniumLibrary">
<doc>Closes all open browsers and resets the browser cache.</doc>
<status status="PASS" starttime="20210917 00:37:48.862" endtime="20210917 00:37:58.291"/>
</kw>
<status status="PASS" starttime="20210917 00:37:21.489" endtime="20210917 00:37:58.291"/>
</test>
<status status="PASS" starttime="20210917 00:37:20.817" endtime="20210917 00:37:58.322"/>
</suite>
<statistics>
<total>
<stat pass="1" fail="0" skip="0">All Tests</stat>
</total>
<tag>
</tag>
<suite>
<stat pass="1" fail="0" skip="0" id="s1" name="SwitchMultipleBrowsers">SwitchMultipleBrowsers</stat>
</suite>
</statistics>
<errors>
</errors>
</robot>
